********
epoch:1    time:9
train_loss:0.9573007237911224
SHAPE:(256, 256)
********
epoch:2    time:19
train_loss:0.5049700826406479
SHAPE:(256, 256)
********
epoch:3    time:29
train_loss:0.2721140293776989
SHAPE:(256, 256)
********
epoch:4    time:39
train_loss:0.2261214990913868
SHAPE:(256, 256)
********
epoch:5    time:50
train_loss:0.20253089904785157
SHAPE:(256, 256)
********
epoch:6    time:60
train_loss:0.18604121074080468
SHAPE:(256, 256)
********
epoch:7    time:70
train_loss:0.17141419813036918
SHAPE:(256, 256)
********
epoch:8    time:80
train_loss:0.16340881951153277
SHAPE:(256, 256)
********
epoch:9    time:91
train_loss:0.15309817530214787
SHAPE:(256, 256)
********
epoch:10    time:101
train_loss:0.1449024298787117
SHAPE:(256, 256)
********
epoch:11    time:111
train_loss:0.1366027431190014
SHAPE:(256, 256)
********
epoch:12    time:121
train_loss:0.13024068787693976
SHAPE:(256, 256)
********
epoch:13    time:132
train_loss:0.12265228673815727
SHAPE:(256, 256)
********
epoch:14    time:142
train_loss:0.11949941277503967
SHAPE:(256, 256)
********
epoch:15    time:152
train_loss:0.1120247881859541
SHAPE:(256, 256)
********
epoch:16    time:162
train_loss:0.1079350457713008
SHAPE:(256, 256)
********
epoch:17    time:172
train_loss:0.10201881147921085
SHAPE:(256, 256)
********
epoch:18    time:182
train_loss:0.09653592500835657
SHAPE:(256, 256)
********
epoch:19    time:192
train_loss:0.09333221890032291
SHAPE:(256, 256)
********
epoch:20    time:202
train_loss:0.08883349042385817
SHAPE:(256, 256)
********
epoch:21    time:212
train_loss:0.0830710955709219
SHAPE:(256, 256)
********
epoch:22    time:222
train_loss:0.08038407184183598
SHAPE:(256, 256)
********
epoch:23    time:233
train_loss:0.07508973650634289
SHAPE:(256, 256)
********
epoch:24    time:243
train_loss:0.07111752282828093
SHAPE:(256, 256)
********
epoch:25    time:253
train_loss:0.06836362259462475
SHAPE:(256, 256)
********
epoch:26    time:263
train_loss:0.06997925993055105
SHAPE:(256, 256)
********
epoch:27    time:272
train_loss:0.06537804622203111
SHAPE:(256, 256)
********
epoch:28    time:282
train_loss:0.06189856432378292
SHAPE:(256, 256)
********
epoch:29    time:292
train_loss:0.05704201364889741
SHAPE:(256, 256)
********
epoch:30    time:302
train_loss:0.0575995148345828
SHAPE:(256, 256)
********
epoch:31    time:312
train_loss:0.05510757638141513
SHAPE:(256, 256)
********
epoch:32    time:322
train_loss:0.053932575397193434
SHAPE:(256, 256)
********
epoch:33    time:331
train_loss:0.052497501773759725
SHAPE:(256, 256)
********
epoch:34    time:342
train_loss:0.0487873125448823
SHAPE:(256, 256)
********
epoch:35    time:352
train_loss:0.04682719844393432
SHAPE:(256, 256)
********
epoch:36    time:362
train_loss:0.04501642756164074
SHAPE:(256, 256)
********
epoch:37    time:372
train_loss:0.042670324388891456
SHAPE:(256, 256)
********
epoch:38    time:382
train_loss:0.0426037623360753
SHAPE:(256, 256)
********
epoch:39    time:392
train_loss:0.04054142016917467
SHAPE:(256, 256)
********
epoch:40    time:402
train_loss:0.0387621942255646
SHAPE:(256, 256)
********
epoch:41    time:412
train_loss:0.03847800640389323
SHAPE:(256, 256)
********
epoch:42    time:422
train_loss:0.03717292942106724
SHAPE:(256, 256)
********
epoch:43    time:432
train_loss:0.037749226428568365
SHAPE:(256, 256)
********
epoch:44    time:441
train_loss:0.03462827499955892
SHAPE:(256, 256)
********
epoch:45    time:451
train_loss:0.03303937520366162
SHAPE:(256, 256)
********
epoch:46    time:461
train_loss:0.03287463073153049
SHAPE:(256, 256)
********
epoch:47    time:471
train_loss:0.03300449430476874
SHAPE:(256, 256)
********
epoch:48    time:480
train_loss:0.04148302034940571
SHAPE:(256, 256)
********
epoch:49    time:490
train_loss:0.04234983429312706
SHAPE:(256, 256)
********
epoch:50    time:498
train_loss:0.03148033880162984
SHAPE:(256, 256)
********
epoch:51    time:509
train_loss:0.028335536099039018
SHAPE:(256, 256)
********
epoch:52    time:519
train_loss:0.02870914975181222
SHAPE:(256, 256)
********
epoch:53    time:528
train_loss:0.027441683346405624
SHAPE:(256, 256)
********
epoch:54    time:538
train_loss:0.027025561137124895
SHAPE:(256, 256)
********
epoch:55    time:548
train_loss:0.029889126750640573
SHAPE:(256, 256)
********
epoch:56    time:557
train_loss:0.028997639771550895
SHAPE:(256, 256)
********
epoch:57    time:567
train_loss:0.028029500781558456
SHAPE:(256, 256)
********
epoch:58    time:576
train_loss:0.02779450326692313
SHAPE:(256, 256)
********
epoch:59    time:585
train_loss:0.023425802662968634
SHAPE:(256, 256)
********
epoch:60    time:596
train_loss:0.019533658525906505
SHAPE:(256, 256)
********
epoch:61    time:605
train_loss:0.01800021276343614
SHAPE:(256, 256)
********
epoch:62    time:616
train_loss:0.017143387398682534
SHAPE:(256, 256)
********
epoch:63    time:626
train_loss:0.016318356343545018
SHAPE:(256, 256)
********
epoch:64    time:637
train_loss:0.01580653278157115
SHAPE:(256, 256)
********
epoch:65    time:647
train_loss:0.015226798458024859
SHAPE:(256, 256)
********
epoch:66    time:657
train_loss:0.014880618596216665
SHAPE:(256, 256)
********
epoch:67    time:667
train_loss:0.014523028329713271
SHAPE:(256, 256)
********
epoch:68    time:677
train_loss:0.014375867839553393
SHAPE:(256, 256)
********
epoch:69    time:687
train_loss:0.01397193590295501
SHAPE:(256, 256)
********
epoch:70    time:697
train_loss:0.013993591759353876
SHAPE:(256, 256)
********
epoch:71    time:707
train_loss:0.01377661465201527
SHAPE:(256, 256)
********
epoch:72    time:717
train_loss:0.013677783587481826
SHAPE:(256, 256)
********
epoch:73    time:727
train_loss:0.013333714953623711
SHAPE:(256, 256)
********
epoch:74    time:738
train_loss:0.013674541683867574
SHAPE:(256, 256)
********
epoch:75    time:747
train_loss:0.013477593671996146
SHAPE:(256, 256)
********
epoch:76    time:756
train_loss:0.013239692822098732
SHAPE:(256, 256)
********
epoch:77    time:766
train_loss:0.012876292939763516
SHAPE:(256, 256)
********
epoch:78    time:777
train_loss:0.013011808576993644
SHAPE:(256, 256)
********
epoch:79    time:786
train_loss:0.012873154627159237
SHAPE:(256, 256)
********
epoch:80    time:796
train_loss:0.01265631480840966
SHAPE:(256, 256)
********
epoch:81    time:806
train_loss:0.012535656995605677
SHAPE:(256, 256)
********
epoch:82    time:817
train_loss:0.01217265079030767
SHAPE:(256, 256)
********
epoch:83    time:827
train_loss:0.012406974406912923
SHAPE:(256, 256)
********
epoch:84    time:836
train_loss:0.012077335817739367
SHAPE:(256, 256)
********
epoch:85    time:846
train_loss:0.012221902720630168
SHAPE:(256, 256)
********
epoch:86    time:856
train_loss:0.012256893920712173
SHAPE:(256, 256)
********
epoch:87    time:865
train_loss:0.01214823841699399
SHAPE:(256, 256)
********
epoch:88    time:874
train_loss:0.012111327308230103
SHAPE:(256, 256)
********
epoch:89    time:884
train_loss:0.01175028714700602
SHAPE:(256, 256)
********
epoch:90    time:893
train_loss:0.010950808537891134
SHAPE:(256, 256)
********
epoch:91    time:904
train_loss:0.010770519147627056
SHAPE:(256, 256)
********
epoch:92    time:914
train_loss:0.01064525023335591
SHAPE:(256, 256)
********
epoch:93    time:924
train_loss:0.010599198247073218
SHAPE:(256, 256)
********
epoch:94    time:934
train_loss:0.010563858408713713
SHAPE:(256, 256)
********
epoch:95    time:945
train_loss:0.010401559176389128
SHAPE:(256, 256)
********
epoch:96    time:954
train_loss:0.01052702620625496
SHAPE:(256, 256)
********
epoch:97    time:963
train_loss:0.010394286725204437
SHAPE:(256, 256)
********
epoch:98    time:974
train_loss:0.010234334405977279
SHAPE:(256, 256)
********
epoch:99    time:984
train_loss:0.010253973448416219
SHAPE:(256, 256)
********
epoch:100    time:993
train_loss:0.010197559187654406
SHAPE:(256, 256)
Finish!